<?xml version="1.0" encoding="UTF-8"?>
<!-- Generated by org.testng.reporters.JUnitXMLReporter -->
<testsuite hostname="GIGASTORM" name="Command line test" tests="7" failures="0" timestamp="1 Feb 2014 19:15:51 GMT" time="0.04" errors="0">
  <testcase name="testBlackPixelColor" time="0.01" classname="com.ryabokon.pie.PixelTest"/>
  <testcase name="testPinkPixelColor" time="0.0" classname="com.ryabokon.pie.PixelTest"/>
  <testcase name="testPinkPixelFromRGB" time="0.0" classname="com.ryabokon.pie.PixelTest"/>
  <testcase name="testPixelAsArray" time="0.0" classname="com.ryabokon.pie.PixelTest"/>
  <testcase name="testWrongRGBRangePixel" time="0.0" classname="com.ryabokon.pie.PixelTest"/>
  <testcase name="testBlueStrip" time="0.01" classname="com.ryabokon.pie.StripTest"/>
  <testcase name="testUncompleteStrip" time="0.0" classname="com.ryabokon.pie.StripTest"/>
</testsuite> <!-- Command line test -->
