<?xml version="1.0" encoding="UTF-8" ?>
<testsuite failures="0" time="0.246" errors="0" skipped="0" tests="7" name="TestSuite">
  <properties>
[...]
</properties>
  <testcase time="0.01" classname="com.ryabokon.pie.PixelTest" name="testBlackPixelColor"/>
  <testcase time="0" classname="com.ryabokon.pie.PixelTest" name="testPinkPixelColor"/>
  <testcase time="0" classname="com.ryabokon.pie.PixelTest" name="testPinkPixelFromRGB"/>
  <testcase time="0" classname="com.ryabokon.pie.PixelTest" name="testPixelAsArray"/>
  <testcase time="0" classname="com.ryabokon.pie.PixelTest" name="testWrongRGBRangePixel"/>
  <testcase time="0.01" classname="com.ryabokon.pie.StripTest" name="testBlueStrip"/>
  <testcase time="0" classname="com.ryabokon.pie.StripTest" name="testUncompleteStrip"/>
</testsuite>