<?xml version="1.0" encoding="UTF-8"?>
<testng-results skipped="0" failed="0" total="7" passed="7">
  <reporter-output>
  </reporter-output>
  <suite name="Command line suite" duration-ms="40" started-at="2014-02-01T19:15:51Z" finished-at="2014-02-01T19:15:51Z">
    <groups>
    </groups>
    <test name="Command line test" duration-ms="40" started-at="2014-02-01T19:15:51Z" finished-at="2014-02-01T19:15:51Z">
      <class name="com.ryabokon.pie.PixelTest">
        <test-method status="PASS" signature="testBlackPixelColor()[pri:0, instance:com.ryabokon.pie.PixelTest@1e91259]" name="testBlackPixelColor" duration-ms="10" started-at="2014-02-01T21:15:51Z" finished-at="2014-02-01T21:15:51Z">
          <reporter-output>
          </reporter-output>
        </test-method> <!-- testBlackPixelColor -->
        <test-method status="PASS" signature="testPixelAsArray()[pri:0, instance:com.ryabokon.pie.PixelTest@1e91259]" name="testPixelAsArray" duration-ms="0" started-at="2014-02-01T21:15:51Z" finished-at="2014-02-01T21:15:51Z">
          <reporter-output>
          </reporter-output>
        </test-method> <!-- testPixelAsArray -->
        <test-method status="PASS" signature="testWrongRGBRangePixel()[pri:0, instance:com.ryabokon.pie.PixelTest@1e91259]" name="testWrongRGBRangePixel" duration-ms="0" started-at="2014-02-01T21:15:51Z" finished-at="2014-02-01T21:15:51Z">
          <reporter-output>
          </reporter-output>
        </test-method> <!-- testWrongRGBRangePixel -->
        <test-method status="PASS" signature="testPinkPixelFromRGB()[pri:0, instance:com.ryabokon.pie.PixelTest@1e91259]" name="testPinkPixelFromRGB" duration-ms="0" started-at="2014-02-01T21:15:51Z" finished-at="2014-02-01T21:15:51Z">
          <reporter-output>
          </reporter-output>
        </test-method> <!-- testPinkPixelFromRGB -->
        <test-method status="PASS" signature="testPinkPixelColor()[pri:0, instance:com.ryabokon.pie.PixelTest@1e91259]" name="testPinkPixelColor" duration-ms="0" started-at="2014-02-01T21:15:51Z" finished-at="2014-02-01T21:15:51Z">
          <reporter-output>
          </reporter-output>
        </test-method> <!-- testPinkPixelColor -->
      </class> <!-- com.ryabokon.pie.PixelTest -->
      <class name="com.ryabokon.pie.StripTest">
        <test-method status="PASS" signature="testBlueStrip()[pri:0, instance:com.ryabokon.pie.StripTest@1882d18]" name="testBlueStrip" duration-ms="10" started-at="2014-02-01T21:15:51Z" finished-at="2014-02-01T21:15:51Z">
          <reporter-output>
          </reporter-output>
        </test-method> <!-- testBlueStrip -->
        <test-method status="PASS" signature="testUncompleteStrip()[pri:0, instance:com.ryabokon.pie.StripTest@1882d18]" name="testUncompleteStrip" duration-ms="0" started-at="2014-02-01T21:15:51Z" finished-at="2014-02-01T21:15:51Z">
          <reporter-output>
          </reporter-output>
        </test-method> <!-- testUncompleteStrip -->
      </class> <!-- com.ryabokon.pie.StripTest -->
    </test> <!-- Command line test -->
  </suite> <!-- Command line suite -->
</testng-results>
