<?xml version="1.0" encoding="UTF-8"?>
<testng-results skipped="0" failed="0" total="2" passed="2">
  <reporter-output>
  </reporter-output>
  <suite name="Default suite" duration-ms="24" started-at="2014-02-01T21:04:34Z" finished-at="2014-02-01T21:04:34Z">
    <groups>
    </groups>
    <test name="Default test" duration-ms="24" started-at="2014-02-01T21:04:34Z" finished-at="2014-02-01T21:04:34Z">
      <class name="com.ryabokon.pie.StripTest">
        <test-method status="PASS" signature="testBlueStrip()[pri:0, instance:com.ryabokon.pie.StripTest@189346e]" name="testBlueStrip" duration-ms="13" started-at="2014-02-01T23:04:34Z" finished-at="2014-02-01T23:04:34Z">
          <reporter-output>
          </reporter-output>
        </test-method> <!-- testBlueStrip -->
        <test-method status="PASS" signature="testUncompleteStrip()[pri:0, instance:com.ryabokon.pie.StripTest@189346e]" name="testUncompleteStrip" duration-ms="2" started-at="2014-02-01T23:04:34Z" finished-at="2014-02-01T23:04:34Z">
          <reporter-output>
          </reporter-output>
        </test-method> <!-- testUncompleteStrip -->
      </class> <!-- com.ryabokon.pie.StripTest -->
    </test> <!-- Default test -->
  </suite> <!-- Default suite -->
</testng-results>
